Started by user [8mha:////4L1unL1ymRBprDhx1tRSkwquNBllN8HN9p9L8Et+lTBtAAAAnB+LCAAAAAAAAP9b85aBtbiIQTGjNKU4P08vOT+vOD8nVc83PyU1x6OyILUoJzMv2y+/JJUBAhiZGBgqihhk0NSjKDWzXb3RdlLBUSYGJk8GtpzUvPSSDB8G5tKinBIGIZ+sxLJE/ZzEvHT94JKizLx0a6BxUmjGOUNodHsLgAyuEgYB/dLi1CL93MS8xOLEpIzEEgAtoZAAxQAAAA==[0mmanasabhat
Running as SYSTEM
Building remotely on [8mha:////4GQ85fPS/meSuZBo+BqXAn3xv4sHL3Wmc3qzQcruGeM8AAAAnx+LCAAAAAAAAP9b85aBtbiIQTGjNKU4P08vOT+vOD8nVc83PyU1x6OyILUoJzMv2y+/JJUBAhiZGBgqihhk0NSjKDWzXb3RdlLBUSYGJk8GtpzUvPSSDB8G5tKinBIGIZ+sxLJE/ZzEvHT94JKizLx0a6BxUmjGOUNodHsLgAzuEgZR/eT83ILSktQi/eLUorLUoniQmQDU9x6nygAAAA==[0mserver_java (slavejava) in workspace /home/jenkins/jenkins-workspace/workspace/projectjava
The recommended git tool is: NONE
using credential project_java
 > git rev-parse --resolve-git-dir /home/jenkins/jenkins-workspace/workspace/projectjava/.git # timeout=10
Fetching changes from the remote Git repository
 > git config remote.origin.url https://github.com/Manasabhat2222/Java.git # timeout=10
Fetching upstream changes from https://github.com/Manasabhat2222/Java.git
 > git --version # timeout=10
 > git --version # 'git version 2.25.1'
using GIT_SSH to set credentials for java proj
Verifying host key using known hosts file
[8mha:AAAAwB+LCAAAAAAAAP9djLENwjAQRY8gGIAS0VE77ihAVDQgRVAwQRSMfYl1tuwLStZgDWgYgnFYgIpE6fjN+19fes8PTGKAhakv0VFaOIrOqnTfehUsUnV0rFbbx2t79+8EkgNMrSLNJoNxHSzDLCvzWy5tTlqeOSDpTRNg/qfbDexlMGSUADS+K1+Gk2H2cS2lt7VGimmpqOqJTmpkUVhUxHI53KKTcrdFjEYYF1lUqhU3FfCKRc7o6Af/njhS1AAAAA==[0mYou're using 'Known hosts file' strategy to verify ssh host keys, but your known_hosts file does not exist, please go to 'Manage Jenkins' -> 'Configure Global Security' -> 'Git Host Key Verification Configuration' and configure host key verification.
 > git fetch --tags --force --progress -- https://github.com/Manasabhat2222/Java.git +refs/heads/*:refs/remotes/origin/* # timeout=10
 > git rev-parse refs/remotes/origin/master^{commit} # timeout=10
Checking out Revision 989547a6f3ae2ccc0bd24fbe703d4493854dd80d (refs/remotes/origin/master)
 > git config core.sparsecheckout # timeout=10
 > git checkout -f 989547a6f3ae2ccc0bd24fbe703d4493854dd80d # timeout=10
Commit message: " Adding java files"
 > git rev-list --no-walk 989547a6f3ae2ccc0bd24fbe703d4493854dd80d # timeout=10
[projectjava] $ mvn /home/jenkins/jenkins-workspace/workspace/Javaproject
WARNING: An illegal reflective access operation has occurred
WARNING: Illegal reflective access by com.google.inject.internal.cglib.core.$ReflectUtils$1 (file:/usr/share/maven/lib/guice.jar) to method java.lang.ClassLoader.defineClass(java.lang.String,byte[],int,int,java.security.ProtectionDomain)
WARNING: Please consider reporting this to the maintainers of com.google.inject.internal.cglib.core.$ReflectUtils$1
WARNING: Use --illegal-access=warn to enable warnings of further illegal reflective access operations
WARNING: All illegal access operations will be denied in a future release
[[1;34mINFO[m] Scanning for projects...
[[1;34mINFO[m] 
[[1;34mINFO[m] [1m--------------------< [0;36mcom.efsavage:hello-world-war[0;1m >--------------------[m
[[1;34mINFO[m] [1mBuilding Hello World Web Application Repository 1.0.0[m
[[1;34mINFO[m] [1m--------------------------------[ war ]---------------------------------[m
[[1;34mINFO[m] [1m------------------------------------------------------------------------[m
[[1;34mINFO[m] [1;31mBUILD FAILURE[m
[[1;34mINFO[m] [1m------------------------------------------------------------------------[m
[[1;34mINFO[m] Total time:  0.305 s
[[1;34mINFO[m] Finished at: 2022-11-14T01:58:50Z
[[1;34mINFO[m] [1m------------------------------------------------------------------------[m
[[1;31mERROR[m] Unknown lifecycle phase "/home/jenkins/jenkins-workspace/workspace/Javaproject". You must specify a valid lifecycle phase or a goal in the format <plugin-prefix>:<goal> or <plugin-group-id>:<plugin-artifact-id>[:<plugin-version>]:<goal>. Available lifecycle phases are: validate, initialize, generate-sources, process-sources, generate-resources, process-resources, compile, process-classes, generate-test-sources, process-test-sources, generate-test-resources, process-test-resources, test-compile, process-test-classes, test, prepare-package, package, pre-integration-test, integration-test, post-integration-test, verify, install, deploy, pre-clean, clean, post-clean, pre-site, site, post-site, site-deploy. -> [1m[Help 1][m
[[1;31mERROR[m] 
[[1;31mERROR[m] To see the full stack trace of the errors, re-run Maven with the [1m-e[m switch.
[[1;31mERROR[m] Re-run Maven using the [1m-X[m switch to enable full debug logging.
[[1;31mERROR[m] 
[[1;31mERROR[m] For more information about the errors and possible solutions, please read the following articles:
[[1;31mERROR[m] [1m[Help 1][m http://cwiki.apache.org/confluence/display/MAVEN/LifecyclePhaseNotFoundException
Build step 'Invoke top-level Maven targets' marked build as failure
Finished: FAILURE
